
==========================================================================
finish report_tns
--------------------------------------------------------------------------
tns max 0.00

==========================================================================
finish report_wns
--------------------------------------------------------------------------
wns max 0.00

==========================================================================
finish report_worst_slack
--------------------------------------------------------------------------
worst slack max 99.56

==========================================================================
finish report_clock_min_period
--------------------------------------------------------------------------
clock_i period_min = 25.44 fmax = 39.31

==========================================================================
finish report_clock_skew
--------------------------------------------------------------------------
Clock clock_i
   0.13 source latency counter_0/n20[1]$_DFFE_PP0P_/CLK ^
  -0.13 target latency counter_0/n20[2]$_DFFE_PP0P_/CLK ^
   0.00 CRPR
--------------
   0.00 setup skew


==========================================================================
finish report_checks -path_delay min
--------------------------------------------------------------------------
Startpoint: reset_n_i (input port clocked by clock_i)
Endpoint: counter_0/n20[1]$_DFFE_PP0P_
          (removal check against rising-edge clock clock_i)
Path Group: asynchronous
Path Type: min

Fanout     Cap    Slew   Delay    Time   Description
-----------------------------------------------------------------------------
                          0.00    0.00   clock clock_i (rise edge)
                          0.00    0.00   clock network delay (propagated)
                         25.00   25.00 ^ input external delay
     1    0.01    0.00    0.00   25.00 ^ reset_n_i (in)
                                         reset_n_i (net)
                  0.00    0.00   25.00 ^ input2/A (sg13g2_buf_1)
     1    0.01    0.04    0.06   25.06 ^ input2/X (sg13g2_buf_1)
                                         net2 (net)
                  0.04    0.00   25.06 ^ _0_/A (sg13g2_inv_2)
     1    0.00    0.01    0.02   25.09 v _0_/Y (sg13g2_inv_2)
                                         n1 (net)
                  0.01    0.00   25.09 v counter_0/_08_/A (sg13g2_inv_1)
     4    0.02    0.10    0.09   25.17 ^ counter_0/_08_/Y (sg13g2_inv_1)
                                         counter_0/_00_ (net)
                  0.10    0.00   25.17 ^ counter_0/n20[1]$_DFFE_PP0P_/RESET_B (sg13g2_dfrbpq_1)
                                 25.17   data arrival time

                          0.00    0.00   clock clock_i (rise edge)
                          0.00    0.00   clock source latency
     1    0.01    0.00    0.00    0.00 ^ clock_i (in)
                                         clock_i (net)
                  0.00    0.00    0.00 ^ clkbuf_0_clock_i/A (sg13g2_buf_2)
     2    0.01    0.03    0.06    0.06 ^ clkbuf_0_clock_i/X (sg13g2_buf_2)
                                         clknet_0_clock_i (net)
                  0.03    0.00    0.06 ^ clkbuf_1_1__f_clock_i/A (sg13g2_buf_2)
     2    0.01    0.03    0.07    0.13 ^ clkbuf_1_1__f_clock_i/X (sg13g2_buf_2)
                                         clknet_1_1__leaf_clock_i (net)
                  0.03    0.00    0.13 ^ counter_0/n20[1]$_DFFE_PP0P_/CLK (sg13g2_dfrbpq_1)
                          0.00    0.13   clock reconvergence pessimism
                         -0.12    0.01   library removal time
                                  0.01   data required time
-----------------------------------------------------------------------------
                                  0.01   data required time
                                -25.17   data arrival time
-----------------------------------------------------------------------------
                                 25.17   slack (MET)


Startpoint: counter_0/n20[3]$_DFFE_PP0P_
            (rising edge-triggered flip-flop clocked by clock_i)
Endpoint: counter_0/n20[3]$_DFFE_PP0P_
          (rising edge-triggered flip-flop clocked by clock_i)
Path Group: clock_i
Path Type: min

Fanout     Cap    Slew   Delay    Time   Description
-----------------------------------------------------------------------------
                          0.00    0.00   clock clock_i (rise edge)
                          0.00    0.00   clock source latency
     1    0.01    0.00    0.00    0.00 ^ clock_i (in)
                                         clock_i (net)
                  0.00    0.00    0.00 ^ clkbuf_0_clock_i/A (sg13g2_buf_2)
     2    0.01    0.03    0.06    0.06 ^ clkbuf_0_clock_i/X (sg13g2_buf_2)
                                         clknet_0_clock_i (net)
                  0.03    0.00    0.06 ^ clkbuf_1_0__f_clock_i/A (sg13g2_buf_2)
     2    0.01    0.03    0.07    0.13 ^ clkbuf_1_0__f_clock_i/X (sg13g2_buf_2)
                                         clknet_1_0__leaf_clock_i (net)
                  0.03    0.00    0.13 ^ counter_0/n20[3]$_DFFE_PP0P_/CLK (sg13g2_dfrbpq_1)
     2    0.01    0.04    0.18    0.31 v counter_0/n20[3]$_DFFE_PP0P_/Q (sg13g2_dfrbpq_1)
                                         net6 (net)
                  0.04    0.00    0.31 v counter_0/_15_/A (sg13g2_xnor2_1)
     1    0.00    0.03    0.06    0.37 v counter_0/_15_/Y (sg13g2_xnor2_1)
                                         counter_0/_04_ (net)
                  0.03    0.00    0.37 v counter_0/n20[3]$_DFFE_PP0P_/D (sg13g2_dfrbpq_1)
                                  0.37   data arrival time

                          0.00    0.00   clock clock_i (rise edge)
                          0.00    0.00   clock source latency
     1    0.01    0.00    0.00    0.00 ^ clock_i (in)
                                         clock_i (net)
                  0.00    0.00    0.00 ^ clkbuf_0_clock_i/A (sg13g2_buf_2)
     2    0.01    0.03    0.06    0.06 ^ clkbuf_0_clock_i/X (sg13g2_buf_2)
                                         clknet_0_clock_i (net)
                  0.03    0.00    0.06 ^ clkbuf_1_0__f_clock_i/A (sg13g2_buf_2)
     2    0.01    0.03    0.07    0.13 ^ clkbuf_1_0__f_clock_i/X (sg13g2_buf_2)
                                         clknet_1_0__leaf_clock_i (net)
                  0.03    0.00    0.13 ^ counter_0/n20[3]$_DFFE_PP0P_/CLK (sg13g2_dfrbpq_1)
                          0.00    0.13   clock reconvergence pessimism
                         -0.03    0.10   library hold time
                                  0.10   data required time
-----------------------------------------------------------------------------
                                  0.10   data required time
                                 -0.37   data arrival time
-----------------------------------------------------------------------------
                                  0.27   slack (MET)



==========================================================================
finish report_checks -path_delay max
--------------------------------------------------------------------------
Startpoint: reset_n_i (input port clocked by clock_i)
Endpoint: counter_0/n20[3]$_DFFE_PP0P_
          (recovery check against rising-edge clock clock_i)
Path Group: asynchronous
Path Type: max

Fanout     Cap    Slew   Delay    Time   Description
-----------------------------------------------------------------------------
                          0.00    0.00   clock clock_i (rise edge)
                          0.00    0.00   clock network delay (propagated)
                         25.00   25.00 ^ input external delay
     1    0.01    0.00    0.00   25.00 ^ reset_n_i (in)
                                         reset_n_i (net)
                  0.00    0.00   25.00 ^ input2/A (sg13g2_buf_1)
     1    0.01    0.04    0.06   25.06 ^ input2/X (sg13g2_buf_1)
                                         net2 (net)
                  0.04    0.00   25.06 ^ _0_/A (sg13g2_inv_2)
     1    0.00    0.01    0.02   25.09 v _0_/Y (sg13g2_inv_2)
                                         n1 (net)
                  0.01    0.00   25.09 v counter_0/_08_/A (sg13g2_inv_1)
     4    0.02    0.10    0.09   25.17 ^ counter_0/_08_/Y (sg13g2_inv_1)
                                         counter_0/_00_ (net)
                  0.10    0.00   25.17 ^ counter_0/n20[3]$_DFFE_PP0P_/RESET_B (sg13g2_dfrbpq_1)
                                 25.17   data arrival time

                        125.00  125.00   clock clock_i (rise edge)
                          0.00  125.00   clock source latency
     1    0.01    0.00    0.00  125.00 ^ clock_i (in)
                                         clock_i (net)
                  0.00    0.00  125.00 ^ clkbuf_0_clock_i/A (sg13g2_buf_2)
     2    0.01    0.03    0.06  125.06 ^ clkbuf_0_clock_i/X (sg13g2_buf_2)
                                         clknet_0_clock_i (net)
                  0.03    0.00  125.06 ^ clkbuf_1_0__f_clock_i/A (sg13g2_buf_2)
     2    0.01    0.03    0.07  125.13 ^ clkbuf_1_0__f_clock_i/X (sg13g2_buf_2)
                                         clknet_1_0__leaf_clock_i (net)
                  0.03    0.00  125.13 ^ counter_0/n20[3]$_DFFE_PP0P_/CLK (sg13g2_dfrbpq_1)
                          0.00  125.13   clock reconvergence pessimism
                         -0.14  124.99   library recovery time
                                124.99   data required time
-----------------------------------------------------------------------------
                                124.99   data required time
                                -25.17   data arrival time
-----------------------------------------------------------------------------
                                 99.81   slack (MET)


Startpoint: counter_0/n20[0]$_DFFE_PP0P_
            (rising edge-triggered flip-flop clocked by clock_i)
Endpoint: counter_value_o[0] (output port clocked by clock_i)
Path Group: clock_i
Path Type: max

Fanout     Cap    Slew   Delay    Time   Description
-----------------------------------------------------------------------------
                          0.00    0.00   clock clock_i (rise edge)
                          0.00    0.00   clock source latency
     1    0.01    0.00    0.00    0.00 ^ clock_i (in)
                                         clock_i (net)
                  0.00    0.00    0.00 ^ clkbuf_0_clock_i/A (sg13g2_buf_2)
     2    0.01    0.03    0.06    0.06 ^ clkbuf_0_clock_i/X (sg13g2_buf_2)
                                         clknet_0_clock_i (net)
                  0.03    0.00    0.06 ^ clkbuf_1_1__f_clock_i/A (sg13g2_buf_2)
     2    0.01    0.03    0.07    0.13 ^ clkbuf_1_1__f_clock_i/X (sg13g2_buf_2)
                                         clknet_1_1__leaf_clock_i (net)
                  0.03    0.00    0.13 ^ counter_0/n20[0]$_DFFE_PP0P_/CLK (sg13g2_dfrbpq_1)
     5    0.02    0.10    0.22    0.35 ^ counter_0/n20[0]$_DFFE_PP0P_/Q (sg13g2_dfrbpq_1)
                                         net3 (net)
                  0.10    0.00    0.35 ^ output3/A (sg13g2_buf_1)
     1    0.00    0.03    0.09    0.44 ^ output3/X (sg13g2_buf_1)
                                         counter_value_o[0] (net)
                  0.03    0.00    0.44 ^ counter_value_o[0] (out)
                                  0.44   data arrival time

                        125.00  125.00   clock clock_i (rise edge)
                          0.00  125.00   clock network delay (propagated)
                          0.00  125.00   clock reconvergence pessimism
                        -25.00  100.00   output external delay
                                100.00   data required time
-----------------------------------------------------------------------------
                                100.00   data required time
                                 -0.44   data arrival time
-----------------------------------------------------------------------------
                                 99.56   slack (MET)



==========================================================================
finish report_checks -unconstrained
--------------------------------------------------------------------------
Startpoint: reset_n_i (input port clocked by clock_i)
Endpoint: counter_0/n20[0]$_DFFE_PP0P_
          (recovery check against rising-edge clock clock_i)
Path Group: asynchronous
Path Type: max

Fanout     Cap    Slew   Delay    Time   Description
-----------------------------------------------------------------------------
                          0.00    0.00   clock clock_i (rise edge)
                          0.00    0.00   clock network delay (propagated)
                         25.00   25.00 ^ input external delay
     1    0.01    0.00    0.00   25.00 ^ reset_n_i (in)
                                         reset_n_i (net)
                  0.00    0.00   25.00 ^ input2/A (sg13g2_buf_1)
     1    0.01    0.04    0.06   25.06 ^ input2/X (sg13g2_buf_1)
                                         net2 (net)
                  0.04    0.00   25.06 ^ _0_/A (sg13g2_inv_2)
     1    0.00    0.01    0.02   25.09 v _0_/Y (sg13g2_inv_2)
                                         n1 (net)
                  0.01    0.00   25.09 v counter_0/_08_/A (sg13g2_inv_1)
     4    0.02    0.10    0.09   25.17 ^ counter_0/_08_/Y (sg13g2_inv_1)
                                         counter_0/_00_ (net)
                  0.10    0.00   25.17 ^ counter_0/n20[0]$_DFFE_PP0P_/RESET_B (sg13g2_dfrbpq_1)
                                 25.17   data arrival time

                        125.00  125.00   clock clock_i (rise edge)
                          0.00  125.00   clock source latency
     1    0.01    0.00    0.00  125.00 ^ clock_i (in)
                                         clock_i (net)
                  0.00    0.00  125.00 ^ clkbuf_0_clock_i/A (sg13g2_buf_2)
     2    0.01    0.03    0.06  125.06 ^ clkbuf_0_clock_i/X (sg13g2_buf_2)
                                         clknet_0_clock_i (net)
                  0.03    0.00  125.06 ^ clkbuf_1_1__f_clock_i/A (sg13g2_buf_2)
     2    0.01    0.03    0.07  125.13 ^ clkbuf_1_1__f_clock_i/X (sg13g2_buf_2)
                                         clknet_1_1__leaf_clock_i (net)
                  0.03    0.00  125.13 ^ counter_0/n20[0]$_DFFE_PP0P_/CLK (sg13g2_dfrbpq_1)
                          0.00  125.13   clock reconvergence pessimism
                         -0.14  124.99   library recovery time
                                124.99   data required time
-----------------------------------------------------------------------------
                                124.99   data required time
                                -25.17   data arrival time
-----------------------------------------------------------------------------
                                 99.81   slack (MET)


Startpoint: counter_0/n20[0]$_DFFE_PP0P_
            (rising edge-triggered flip-flop clocked by clock_i)
Endpoint: counter_value_o[0] (output port clocked by clock_i)
Path Group: clock_i
Path Type: max

Fanout     Cap    Slew   Delay    Time   Description
-----------------------------------------------------------------------------
                          0.00    0.00   clock clock_i (rise edge)
                          0.00    0.00   clock source latency
     1    0.01    0.00    0.00    0.00 ^ clock_i (in)
                                         clock_i (net)
                  0.00    0.00    0.00 ^ clkbuf_0_clock_i/A (sg13g2_buf_2)
     2    0.01    0.03    0.06    0.06 ^ clkbuf_0_clock_i/X (sg13g2_buf_2)
                                         clknet_0_clock_i (net)
                  0.03    0.00    0.06 ^ clkbuf_1_1__f_clock_i/A (sg13g2_buf_2)
     2    0.01    0.03    0.07    0.13 ^ clkbuf_1_1__f_clock_i/X (sg13g2_buf_2)
                                         clknet_1_1__leaf_clock_i (net)
                  0.03    0.00    0.13 ^ counter_0/n20[0]$_DFFE_PP0P_/CLK (sg13g2_dfrbpq_1)
     5    0.02    0.10    0.22    0.35 ^ counter_0/n20[0]$_DFFE_PP0P_/Q (sg13g2_dfrbpq_1)
                                         net3 (net)
                  0.10    0.00    0.35 ^ output3/A (sg13g2_buf_1)
     1    0.00    0.03    0.09    0.44 ^ output3/X (sg13g2_buf_1)
                                         counter_value_o[0] (net)
                  0.03    0.00    0.44 ^ counter_value_o[0] (out)
                                  0.44   data arrival time

                        125.00  125.00   clock clock_i (rise edge)
                          0.00  125.00   clock network delay (propagated)
                          0.00  125.00   clock reconvergence pessimism
                        -25.00  100.00   output external delay
                                100.00   data required time
-----------------------------------------------------------------------------
                                100.00   data required time
                                 -0.44   data arrival time
-----------------------------------------------------------------------------
                                 99.56   slack (MET)



==========================================================================
finish report_check_types -max_slew -max_cap -max_fanout -violators
--------------------------------------------------------------------------

==========================================================================
finish max_slew_check_slack
--------------------------------------------------------------------------
2.4007680416107178

==========================================================================
finish max_slew_check_limit
--------------------------------------------------------------------------
2.5074000358581543

==========================================================================
finish max_slew_check_slack_limit
--------------------------------------------------------------------------
0.9575

==========================================================================
finish max_fanout_check_slack
--------------------------------------------------------------------------
3.0

==========================================================================
finish max_fanout_check_limit
--------------------------------------------------------------------------
8.0

==========================================================================
finish max_fanout_check_slack_limit
--------------------------------------------------------------------------
0.3750

==========================================================================
finish max_capacitance_check_slack
--------------------------------------------------------------------------
0.27543917298316956

==========================================================================
finish max_capacitance_check_limit
--------------------------------------------------------------------------
0.30000001192092896

==========================================================================
finish max_capacitance_check_slack_limit
--------------------------------------------------------------------------
0.9181

==========================================================================
finish max_slew_violation_count
--------------------------------------------------------------------------
max slew violation count 0

==========================================================================
finish max_fanout_violation_count
--------------------------------------------------------------------------
max fanout violation count 0

==========================================================================
finish max_cap_violation_count
--------------------------------------------------------------------------
max cap violation count 0

==========================================================================
finish setup_violation_count
--------------------------------------------------------------------------
setup violation count 0

==========================================================================
finish hold_violation_count
--------------------------------------------------------------------------
hold violation count 0

==========================================================================
finish report_checks -path_delay max reg to reg
--------------------------------------------------------------------------
Startpoint: counter_0/n20[0]$_DFFE_PP0P_
            (rising edge-triggered flip-flop clocked by clock_i)
Endpoint: counter_0/n20[3]$_DFFE_PP0P_
          (rising edge-triggered flip-flop clocked by clock_i)
Path Group: clock_i
Path Type: max

  Delay    Time   Description
---------------------------------------------------------
   0.00    0.00   clock clock_i (rise edge)
   0.00    0.00   clock source latency
   0.00    0.00 ^ clock_i (in)
   0.06    0.06 ^ clkbuf_0_clock_i/X (sg13g2_buf_2)
   0.07    0.13 ^ clkbuf_1_1__f_clock_i/X (sg13g2_buf_2)
   0.00    0.13 ^ counter_0/n20[0]$_DFFE_PP0P_/CLK (sg13g2_dfrbpq_1)
   0.22    0.35 ^ counter_0/n20[0]$_DFFE_PP0P_/Q (sg13g2_dfrbpq_1)
   0.12    0.48 v counter_0/_14_/Y (sg13g2_nand4_1)
   0.11    0.58 v counter_0/_15_/Y (sg13g2_xnor2_1)
   0.00    0.58 v counter_0/n20[3]$_DFFE_PP0P_/D (sg13g2_dfrbpq_1)
           0.58   data arrival time

 125.00  125.00   clock clock_i (rise edge)
   0.00  125.00   clock source latency
   0.00  125.00 ^ clock_i (in)
   0.06  125.06 ^ clkbuf_0_clock_i/X (sg13g2_buf_2)
   0.07  125.13 ^ clkbuf_1_0__f_clock_i/X (sg13g2_buf_2)
   0.00  125.13 ^ counter_0/n20[3]$_DFFE_PP0P_/CLK (sg13g2_dfrbpq_1)
   0.00  125.13   clock reconvergence pessimism
  -0.12  125.02   library setup time
         125.02   data required time
---------------------------------------------------------
         125.02   data required time
          -0.58   data arrival time
---------------------------------------------------------
         124.43   slack (MET)



==========================================================================
finish report_checks -path_delay min reg to reg
--------------------------------------------------------------------------
Startpoint: counter_0/n20[3]$_DFFE_PP0P_
            (rising edge-triggered flip-flop clocked by clock_i)
Endpoint: counter_0/n20[3]$_DFFE_PP0P_
          (rising edge-triggered flip-flop clocked by clock_i)
Path Group: clock_i
Path Type: min

  Delay    Time   Description
---------------------------------------------------------
   0.00    0.00   clock clock_i (rise edge)
   0.00    0.00   clock source latency
   0.00    0.00 ^ clock_i (in)
   0.06    0.06 ^ clkbuf_0_clock_i/X (sg13g2_buf_2)
   0.07    0.13 ^ clkbuf_1_0__f_clock_i/X (sg13g2_buf_2)
   0.00    0.13 ^ counter_0/n20[3]$_DFFE_PP0P_/CLK (sg13g2_dfrbpq_1)
   0.18    0.31 v counter_0/n20[3]$_DFFE_PP0P_/Q (sg13g2_dfrbpq_1)
   0.06    0.37 v counter_0/_15_/Y (sg13g2_xnor2_1)
   0.00    0.37 v counter_0/n20[3]$_DFFE_PP0P_/D (sg13g2_dfrbpq_1)
           0.37   data arrival time

   0.00    0.00   clock clock_i (rise edge)
   0.00    0.00   clock source latency
   0.00    0.00 ^ clock_i (in)
   0.06    0.06 ^ clkbuf_0_clock_i/X (sg13g2_buf_2)
   0.07    0.13 ^ clkbuf_1_0__f_clock_i/X (sg13g2_buf_2)
   0.00    0.13 ^ counter_0/n20[3]$_DFFE_PP0P_/CLK (sg13g2_dfrbpq_1)
   0.00    0.13   clock reconvergence pessimism
  -0.03    0.10   library hold time
           0.10   data required time
---------------------------------------------------------
           0.10   data required time
          -0.37   data arrival time
---------------------------------------------------------
           0.27   slack (MET)



==========================================================================
finish critical path target clock latency max path
--------------------------------------------------------------------------
0.1314

==========================================================================
finish critical path target clock latency min path
--------------------------------------------------------------------------
0.1316

==========================================================================
finish critical path source clock latency min path
--------------------------------------------------------------------------
0.0000

==========================================================================
finish critical path delay
--------------------------------------------------------------------------
0.4409

==========================================================================
finish critical path slack
--------------------------------------------------------------------------
99.5591

==========================================================================
finish slack div critical path delay
--------------------------------------------------------------------------
22580.880018

==========================================================================
finish report_power
--------------------------------------------------------------------------
Group                  Internal  Switching    Leakage      Total
                          Power      Power      Power      Power (Watts)
----------------------------------------------------------------
Sequential             2.66e-06   3.77e-07   2.04e-09   3.04e-06  64.8%
Combinational          5.10e-07   2.04e-07   1.90e-09   7.15e-07  15.3%
Clock                  4.67e-07   2.81e-07   1.83e-07   9.31e-07  19.9%
Macro                  0.00e+00   0.00e+00   0.00e+00   0.00e+00   0.0%
Pad                    0.00e+00   0.00e+00   0.00e+00   0.00e+00   0.0%
----------------------------------------------------------------
Total                  3.63e-06   8.62e-07   1.87e-07   4.68e-06 100.0%
                          77.6%      18.4%       4.0%
