
==========================================================================
global route report_tns
--------------------------------------------------------------------------
tns max 0.00

==========================================================================
global route report_wns
--------------------------------------------------------------------------
wns max 0.00

==========================================================================
global route report_worst_slack
--------------------------------------------------------------------------
worst slack max 99.51

==========================================================================
global route report_clock_min_period
--------------------------------------------------------------------------
clock_i period_min = 25.49 fmax = 39.22

==========================================================================
global route report_clock_skew
--------------------------------------------------------------------------
Clock clock_i
   0.15 source latency counter_0/n20[1]$_DFFE_PP0P_/CLK ^
  -0.15 target latency counter_0/n20[2]$_DFFE_PP0P_/CLK ^
   0.00 CRPR
--------------
   0.00 setup skew


==========================================================================
global route report_checks -path_delay min
--------------------------------------------------------------------------
Startpoint: reset_n_i (input port clocked by clock_i)
Endpoint: counter_0/n20[0]$_DFFE_PP0P_
          (removal check against rising-edge clock clock_i)
Path Group: asynchronous
Path Type: min

Fanout     Cap    Slew   Delay    Time   Description
-----------------------------------------------------------------------------
                          0.00    0.00   clock clock_i (rise edge)
                          0.00    0.00   clock network delay (propagated)
                         25.00   25.00 ^ input external delay
     1    0.01    0.00    0.00   25.00 ^ reset_n_i (in)
                                         reset_n_i (net)
                  0.00    0.00   25.00 ^ input2/A (sg13g2_buf_1)
     1    0.01    0.05    0.07   25.07 ^ input2/X (sg13g2_buf_1)
                                         net2 (net)
                  0.05    0.00   25.07 ^ _0_/A (sg13g2_inv_2)
     1    0.01    0.02    0.03   25.10 v _0_/Y (sg13g2_inv_2)
                                         n1 (net)
                  0.02    0.00   25.10 v counter_0/_08_/A (sg13g2_inv_1)
     4    0.03    0.12    0.10   25.20 ^ counter_0/_08_/Y (sg13g2_inv_1)
                                         counter_0/_00_ (net)
                  0.12    0.00   25.20 ^ counter_0/n20[0]$_DFFE_PP0P_/RESET_B (sg13g2_dfrbpq_1)
                                 25.20   data arrival time

                          0.00    0.00   clock clock_i (rise edge)
                          0.00    0.00   clock source latency
     1    0.02    0.00    0.00    0.00 ^ clock_i (in)
                                         clock_i (net)
                  0.00    0.00    0.00 ^ clkbuf_0_clock_i/A (sg13g2_buf_2)
     2    0.01    0.04    0.07    0.07 ^ clkbuf_0_clock_i/X (sg13g2_buf_2)
                                         clknet_0_clock_i (net)
                  0.04    0.00    0.07 ^ clkbuf_1_1__f_clock_i/A (sg13g2_buf_2)
     2    0.01    0.03    0.08    0.15 ^ clkbuf_1_1__f_clock_i/X (sg13g2_buf_2)
                                         clknet_1_1__leaf_clock_i (net)
                  0.03    0.00    0.15 ^ counter_0/n20[0]$_DFFE_PP0P_/CLK (sg13g2_dfrbpq_1)
                          0.00    0.15   clock reconvergence pessimism
                         -0.13    0.02   library removal time
                                  0.02   data required time
-----------------------------------------------------------------------------
                                  0.02   data required time
                                -25.20   data arrival time
-----------------------------------------------------------------------------
                                 25.18   slack (MET)


Startpoint: counter_0/n20[3]$_DFFE_PP0P_
            (rising edge-triggered flip-flop clocked by clock_i)
Endpoint: counter_0/n20[3]$_DFFE_PP0P_
          (rising edge-triggered flip-flop clocked by clock_i)
Path Group: clock_i
Path Type: min

Fanout     Cap    Slew   Delay    Time   Description
-----------------------------------------------------------------------------
                          0.00    0.00   clock clock_i (rise edge)
                          0.00    0.00   clock source latency
     1    0.02    0.00    0.00    0.00 ^ clock_i (in)
                                         clock_i (net)
                  0.00    0.00    0.00 ^ clkbuf_0_clock_i/A (sg13g2_buf_2)
     2    0.01    0.04    0.07    0.07 ^ clkbuf_0_clock_i/X (sg13g2_buf_2)
                                         clknet_0_clock_i (net)
                  0.04    0.00    0.07 ^ clkbuf_1_0__f_clock_i/A (sg13g2_buf_2)
     2    0.01    0.03    0.08    0.15 ^ clkbuf_1_0__f_clock_i/X (sg13g2_buf_2)
                                         clknet_1_0__leaf_clock_i (net)
                  0.03    0.00    0.15 ^ counter_0/n20[3]$_DFFE_PP0P_/CLK (sg13g2_dfrbpq_1)
     2    0.01    0.05    0.19    0.35 v counter_0/n20[3]$_DFFE_PP0P_/Q (sg13g2_dfrbpq_1)
                                         net6 (net)
                  0.05    0.00    0.35 v counter_0/_15_/A (sg13g2_xnor2_1)
     1    0.00    0.04    0.07    0.42 v counter_0/_15_/Y (sg13g2_xnor2_1)
                                         counter_0/_04_ (net)
                  0.04    0.00    0.42 v counter_0/n20[3]$_DFFE_PP0P_/D (sg13g2_dfrbpq_1)
                                  0.42   data arrival time

                          0.00    0.00   clock clock_i (rise edge)
                          0.00    0.00   clock source latency
     1    0.02    0.00    0.00    0.00 ^ clock_i (in)
                                         clock_i (net)
                  0.00    0.00    0.00 ^ clkbuf_0_clock_i/A (sg13g2_buf_2)
     2    0.01    0.04    0.07    0.07 ^ clkbuf_0_clock_i/X (sg13g2_buf_2)
                                         clknet_0_clock_i (net)
                  0.04    0.00    0.07 ^ clkbuf_1_0__f_clock_i/A (sg13g2_buf_2)
     2    0.01    0.03    0.08    0.15 ^ clkbuf_1_0__f_clock_i/X (sg13g2_buf_2)
                                         clknet_1_0__leaf_clock_i (net)
                  0.03    0.00    0.15 ^ counter_0/n20[3]$_DFFE_PP0P_/CLK (sg13g2_dfrbpq_1)
                          0.00    0.15   clock reconvergence pessimism
                         -0.04    0.11   library hold time
                                  0.11   data required time
-----------------------------------------------------------------------------
                                  0.11   data required time
                                 -0.42   data arrival time
-----------------------------------------------------------------------------
                                  0.31   slack (MET)



==========================================================================
global route report_checks -path_delay max
--------------------------------------------------------------------------
Startpoint: reset_n_i (input port clocked by clock_i)
Endpoint: counter_0/n20[3]$_DFFE_PP0P_
          (recovery check against rising-edge clock clock_i)
Path Group: asynchronous
Path Type: max

Fanout     Cap    Slew   Delay    Time   Description
-----------------------------------------------------------------------------
                          0.00    0.00   clock clock_i (rise edge)
                          0.00    0.00   clock network delay (propagated)
                         25.00   25.00 ^ input external delay
     1    0.01    0.00    0.00   25.00 ^ reset_n_i (in)
                                         reset_n_i (net)
                  0.00    0.00   25.00 ^ input2/A (sg13g2_buf_1)
     1    0.01    0.05    0.07   25.07 ^ input2/X (sg13g2_buf_1)
                                         net2 (net)
                  0.05    0.00   25.07 ^ _0_/A (sg13g2_inv_2)
     1    0.01    0.02    0.03   25.10 v _0_/Y (sg13g2_inv_2)
                                         n1 (net)
                  0.02    0.00   25.10 v counter_0/_08_/A (sg13g2_inv_1)
     4    0.03    0.12    0.10   25.20 ^ counter_0/_08_/Y (sg13g2_inv_1)
                                         counter_0/_00_ (net)
                  0.12    0.00   25.20 ^ counter_0/n20[3]$_DFFE_PP0P_/RESET_B (sg13g2_dfrbpq_1)
                                 25.20   data arrival time

                        125.00  125.00   clock clock_i (rise edge)
                          0.00  125.00   clock source latency
     1    0.02    0.00    0.00  125.00 ^ clock_i (in)
                                         clock_i (net)
                  0.00    0.00  125.00 ^ clkbuf_0_clock_i/A (sg13g2_buf_2)
     2    0.01    0.04    0.07  125.07 ^ clkbuf_0_clock_i/X (sg13g2_buf_2)
                                         clknet_0_clock_i (net)
                  0.04    0.00  125.07 ^ clkbuf_1_0__f_clock_i/A (sg13g2_buf_2)
     2    0.01    0.03    0.08  125.15 ^ clkbuf_1_0__f_clock_i/X (sg13g2_buf_2)
                                         clknet_1_0__leaf_clock_i (net)
                  0.03    0.00  125.15 ^ counter_0/n20[3]$_DFFE_PP0P_/CLK (sg13g2_dfrbpq_1)
                          0.00  125.15   clock reconvergence pessimism
                         -0.15  125.00   library recovery time
                                125.00   data required time
-----------------------------------------------------------------------------
                                125.00   data required time
                                -25.20   data arrival time
-----------------------------------------------------------------------------
                                 99.80   slack (MET)


Startpoint: counter_0/n20[0]$_DFFE_PP0P_
            (rising edge-triggered flip-flop clocked by clock_i)
Endpoint: counter_value_o[0] (output port clocked by clock_i)
Path Group: clock_i
Path Type: max

Fanout     Cap    Slew   Delay    Time   Description
-----------------------------------------------------------------------------
                          0.00    0.00   clock clock_i (rise edge)
                          0.00    0.00   clock source latency
     1    0.02    0.00    0.00    0.00 ^ clock_i (in)
                                         clock_i (net)
                  0.00    0.00    0.00 ^ clkbuf_0_clock_i/A (sg13g2_buf_2)
     2    0.01    0.04    0.07    0.07 ^ clkbuf_0_clock_i/X (sg13g2_buf_2)
                                         clknet_0_clock_i (net)
                  0.04    0.00    0.07 ^ clkbuf_1_1__f_clock_i/A (sg13g2_buf_2)
     2    0.01    0.03    0.08    0.15 ^ clkbuf_1_1__f_clock_i/X (sg13g2_buf_2)
                                         clknet_1_1__leaf_clock_i (net)
                  0.03    0.00    0.15 ^ counter_0/n20[0]$_DFFE_PP0P_/CLK (sg13g2_dfrbpq_1)
     5    0.03    0.12    0.24    0.39 ^ counter_0/n20[0]$_DFFE_PP0P_/Q (sg13g2_dfrbpq_1)
                                         net3 (net)
                  0.12    0.00    0.39 ^ output3/A (sg13g2_buf_1)
     1    0.01    0.04    0.10    0.49 ^ output3/X (sg13g2_buf_1)
                                         counter_value_o[0] (net)
                  0.04    0.00    0.49 ^ counter_value_o[0] (out)
                                  0.49   data arrival time

                        125.00  125.00   clock clock_i (rise edge)
                          0.00  125.00   clock network delay (propagated)
                          0.00  125.00   clock reconvergence pessimism
                        -25.00  100.00   output external delay
                                100.00   data required time
-----------------------------------------------------------------------------
                                100.00   data required time
                                 -0.49   data arrival time
-----------------------------------------------------------------------------
                                 99.51   slack (MET)



==========================================================================
global route report_checks -unconstrained
--------------------------------------------------------------------------
Startpoint: reset_n_i (input port clocked by clock_i)
Endpoint: counter_0/n20[3]$_DFFE_PP0P_
          (recovery check against rising-edge clock clock_i)
Path Group: asynchronous
Path Type: max

Fanout     Cap    Slew   Delay    Time   Description
-----------------------------------------------------------------------------
                          0.00    0.00   clock clock_i (rise edge)
                          0.00    0.00   clock network delay (propagated)
                         25.00   25.00 ^ input external delay
     1    0.01    0.00    0.00   25.00 ^ reset_n_i (in)
                                         reset_n_i (net)
                  0.00    0.00   25.00 ^ input2/A (sg13g2_buf_1)
     1    0.01    0.05    0.07   25.07 ^ input2/X (sg13g2_buf_1)
                                         net2 (net)
                  0.05    0.00   25.07 ^ _0_/A (sg13g2_inv_2)
     1    0.01    0.02    0.03   25.10 v _0_/Y (sg13g2_inv_2)
                                         n1 (net)
                  0.02    0.00   25.10 v counter_0/_08_/A (sg13g2_inv_1)
     4    0.03    0.12    0.10   25.20 ^ counter_0/_08_/Y (sg13g2_inv_1)
                                         counter_0/_00_ (net)
                  0.12    0.00   25.20 ^ counter_0/n20[3]$_DFFE_PP0P_/RESET_B (sg13g2_dfrbpq_1)
                                 25.20   data arrival time

                        125.00  125.00   clock clock_i (rise edge)
                          0.00  125.00   clock source latency
     1    0.02    0.00    0.00  125.00 ^ clock_i (in)
                                         clock_i (net)
                  0.00    0.00  125.00 ^ clkbuf_0_clock_i/A (sg13g2_buf_2)
     2    0.01    0.04    0.07  125.07 ^ clkbuf_0_clock_i/X (sg13g2_buf_2)
                                         clknet_0_clock_i (net)
                  0.04    0.00  125.07 ^ clkbuf_1_0__f_clock_i/A (sg13g2_buf_2)
     2    0.01    0.03    0.08  125.15 ^ clkbuf_1_0__f_clock_i/X (sg13g2_buf_2)
                                         clknet_1_0__leaf_clock_i (net)
                  0.03    0.00  125.15 ^ counter_0/n20[3]$_DFFE_PP0P_/CLK (sg13g2_dfrbpq_1)
                          0.00  125.15   clock reconvergence pessimism
                         -0.15  125.00   library recovery time
                                125.00   data required time
-----------------------------------------------------------------------------
                                125.00   data required time
                                -25.20   data arrival time
-----------------------------------------------------------------------------
                                 99.80   slack (MET)


Startpoint: counter_0/n20[0]$_DFFE_PP0P_
            (rising edge-triggered flip-flop clocked by clock_i)
Endpoint: counter_value_o[0] (output port clocked by clock_i)
Path Group: clock_i
Path Type: max

Fanout     Cap    Slew   Delay    Time   Description
-----------------------------------------------------------------------------
                          0.00    0.00   clock clock_i (rise edge)
                          0.00    0.00   clock source latency
     1    0.02    0.00    0.00    0.00 ^ clock_i (in)
                                         clock_i (net)
                  0.00    0.00    0.00 ^ clkbuf_0_clock_i/A (sg13g2_buf_2)
     2    0.01    0.04    0.07    0.07 ^ clkbuf_0_clock_i/X (sg13g2_buf_2)
                                         clknet_0_clock_i (net)
                  0.04    0.00    0.07 ^ clkbuf_1_1__f_clock_i/A (sg13g2_buf_2)
     2    0.01    0.03    0.08    0.15 ^ clkbuf_1_1__f_clock_i/X (sg13g2_buf_2)
                                         clknet_1_1__leaf_clock_i (net)
                  0.03    0.00    0.15 ^ counter_0/n20[0]$_DFFE_PP0P_/CLK (sg13g2_dfrbpq_1)
     5    0.03    0.12    0.24    0.39 ^ counter_0/n20[0]$_DFFE_PP0P_/Q (sg13g2_dfrbpq_1)
                                         net3 (net)
                  0.12    0.00    0.39 ^ output3/A (sg13g2_buf_1)
     1    0.01    0.04    0.10    0.49 ^ output3/X (sg13g2_buf_1)
                                         counter_value_o[0] (net)
                  0.04    0.00    0.49 ^ counter_value_o[0] (out)
                                  0.49   data arrival time

                        125.00  125.00   clock clock_i (rise edge)
                          0.00  125.00   clock network delay (propagated)
                          0.00  125.00   clock reconvergence pessimism
                        -25.00  100.00   output external delay
                                100.00   data required time
-----------------------------------------------------------------------------
                                100.00   data required time
                                 -0.49   data arrival time
-----------------------------------------------------------------------------
                                 99.51   slack (MET)



==========================================================================
global route report_check_types -max_slew -max_cap -max_fanout -violators
--------------------------------------------------------------------------

==========================================================================
global route max_slew_check_slack
--------------------------------------------------------------------------
2.380168914794922

==========================================================================
global route max_slew_check_limit
--------------------------------------------------------------------------
2.5074000358581543

==========================================================================
global route max_slew_check_slack_limit
--------------------------------------------------------------------------
0.9493

==========================================================================
global route max_fanout_check_slack
--------------------------------------------------------------------------
3.0

==========================================================================
global route max_fanout_check_limit
--------------------------------------------------------------------------
8.0

==========================================================================
global route max_fanout_check_slack_limit
--------------------------------------------------------------------------
0.3750

==========================================================================
global route max_capacitance_check_slack
--------------------------------------------------------------------------
0.2706853747367859

==========================================================================
global route max_capacitance_check_limit
--------------------------------------------------------------------------
0.30000001192092896

==========================================================================
global route max_capacitance_check_slack_limit
--------------------------------------------------------------------------
0.9023

==========================================================================
global route max_slew_violation_count
--------------------------------------------------------------------------
max slew violation count 0

==========================================================================
global route max_fanout_violation_count
--------------------------------------------------------------------------
max fanout violation count 0

==========================================================================
global route max_cap_violation_count
--------------------------------------------------------------------------
max cap violation count 0

==========================================================================
global route setup_violation_count
--------------------------------------------------------------------------
setup violation count 0

==========================================================================
global route hold_violation_count
--------------------------------------------------------------------------
hold violation count 0

==========================================================================
global route report_checks -path_delay max reg to reg
--------------------------------------------------------------------------
Startpoint: counter_0/n20[1]$_DFFE_PP0P_
            (rising edge-triggered flip-flop clocked by clock_i)
Endpoint: counter_0/n20[3]$_DFFE_PP0P_
          (rising edge-triggered flip-flop clocked by clock_i)
Path Group: clock_i
Path Type: max

  Delay    Time   Description
---------------------------------------------------------
   0.00    0.00   clock clock_i (rise edge)
   0.00    0.00   clock source latency
   0.00    0.00 ^ clock_i (in)
   0.07    0.07 ^ clkbuf_0_clock_i/X (sg13g2_buf_2)
   0.08    0.15 ^ clkbuf_1_1__f_clock_i/X (sg13g2_buf_2)
   0.00    0.15 ^ counter_0/n20[1]$_DFFE_PP0P_/CLK (sg13g2_dfrbpq_1)
   0.23    0.38 ^ counter_0/n20[1]$_DFFE_PP0P_/Q (sg13g2_dfrbpq_1)
   0.15    0.54 v counter_0/_14_/Y (sg13g2_nand4_1)
   0.13    0.66 v counter_0/_15_/Y (sg13g2_xnor2_1)
   0.00    0.66 v counter_0/n20[3]$_DFFE_PP0P_/D (sg13g2_dfrbpq_1)
           0.66   data arrival time

 125.00  125.00   clock clock_i (rise edge)
   0.00  125.00   clock source latency
   0.00  125.00 ^ clock_i (in)
   0.07  125.07 ^ clkbuf_0_clock_i/X (sg13g2_buf_2)
   0.08  125.15 ^ clkbuf_1_0__f_clock_i/X (sg13g2_buf_2)
   0.00  125.15 ^ counter_0/n20[3]$_DFFE_PP0P_/CLK (sg13g2_dfrbpq_1)
   0.00  125.15   clock reconvergence pessimism
  -0.12  125.03   library setup time
         125.03   data required time
---------------------------------------------------------
         125.03   data required time
          -0.66   data arrival time
---------------------------------------------------------
         124.37   slack (MET)



==========================================================================
global route report_checks -path_delay min reg to reg
--------------------------------------------------------------------------
Startpoint: counter_0/n20[3]$_DFFE_PP0P_
            (rising edge-triggered flip-flop clocked by clock_i)
Endpoint: counter_0/n20[3]$_DFFE_PP0P_
          (rising edge-triggered flip-flop clocked by clock_i)
Path Group: clock_i
Path Type: min

  Delay    Time   Description
---------------------------------------------------------
   0.00    0.00   clock clock_i (rise edge)
   0.00    0.00   clock source latency
   0.00    0.00 ^ clock_i (in)
   0.07    0.07 ^ clkbuf_0_clock_i/X (sg13g2_buf_2)
   0.08    0.15 ^ clkbuf_1_0__f_clock_i/X (sg13g2_buf_2)
   0.00    0.15 ^ counter_0/n20[3]$_DFFE_PP0P_/CLK (sg13g2_dfrbpq_1)
   0.19    0.35 v counter_0/n20[3]$_DFFE_PP0P_/Q (sg13g2_dfrbpq_1)
   0.08    0.42 v counter_0/_15_/Y (sg13g2_xnor2_1)
   0.00    0.42 v counter_0/n20[3]$_DFFE_PP0P_/D (sg13g2_dfrbpq_1)
           0.42   data arrival time

   0.00    0.00   clock clock_i (rise edge)
   0.00    0.00   clock source latency
   0.00    0.00 ^ clock_i (in)
   0.07    0.07 ^ clkbuf_0_clock_i/X (sg13g2_buf_2)
   0.08    0.15 ^ clkbuf_1_0__f_clock_i/X (sg13g2_buf_2)
   0.00    0.15 ^ counter_0/n20[3]$_DFFE_PP0P_/CLK (sg13g2_dfrbpq_1)
   0.00    0.15   clock reconvergence pessimism
  -0.04    0.11   library hold time
           0.11   data required time
---------------------------------------------------------
           0.11   data required time
          -0.42   data arrival time
---------------------------------------------------------
           0.31   slack (MET)



==========================================================================
global route critical path target clock latency max path
--------------------------------------------------------------------------
0.1519

==========================================================================
global route critical path target clock latency min path
--------------------------------------------------------------------------
0.1518

==========================================================================
global route critical path source clock latency min path
--------------------------------------------------------------------------
0.0000

==========================================================================
global route critical path delay
--------------------------------------------------------------------------
0.4945

==========================================================================
global route critical path slack
--------------------------------------------------------------------------
99.5055

==========================================================================
global route slack div critical path delay
--------------------------------------------------------------------------
20122.446916

==========================================================================
global route report_power
--------------------------------------------------------------------------
Group                  Internal  Switching    Leakage      Total
                          Power      Power      Power      Power (Watts)
----------------------------------------------------------------
Sequential             2.65e-06   5.01e-07   2.04e-09   3.16e-06  64.3%
Combinational          5.09e-07   3.48e-07   1.90e-09   8.59e-07  17.5%
Clock                  4.70e-07   4.23e-07   5.45e-10   8.94e-07  18.2%
Macro                  0.00e+00   0.00e+00   0.00e+00   0.00e+00   0.0%
Pad                    0.00e+00   0.00e+00   0.00e+00   0.00e+00   0.0%
----------------------------------------------------------------
Total                  3.63e-06   1.27e-06   4.48e-09   4.91e-06 100.0%
                          74.0%      25.9%       0.1%
